<?xml version="1.0" encoding="utf-8"?><testsuites name="pytest tests"><testsuite name="pytest" errors="0" failures="0" skipped="0" tests="22" time="20.350" timestamp="2026-08-19T03:09:51.479160+00:00" hostname="agent-env-5089d6bc-2178-4860-a592-ec2144c68b09"><testcase classname="backend.tests.test_mcp_tokens" name="test_mcp_admin_page_requires_auth" time="0.378" /><testcase classname="backend.tests.test_mcp_tokens" name="test_mcp_admin_page_loads_when_authed" time="2.802" /><testcase classname="backend.tests.test_mcp_tokens.TestTokenCRUD" name="test_list_tokens_ok" time="0.306" /><testcase classname="backend.tests.test_mcp_tokens.TestTokenCRUD" name="test_create_requires_name" time="0.069" /><testcase classname="backend.tests.test_mcp_tokens.TestTokenCRUD" name="test_create_token_blog_read" time="0.290" /><testcase classname="backend.tests.test_mcp_tokens.TestTokenCRUD" name="test_create_token_blog_write" time="0.285" /><testcase classname="backend.tests.test_mcp_tokens.TestTokenCRUD" name="test_token_appears_in_list" time="0.286" /><testcase classname="backend.tests.test_mcp_tokens.TestMcpBlogAuth" name="test_no_key_returns_401_get" time="0.478" /><testcase classname="backend.tests.test_mcp_tokens.TestMcpBlogAuth" name="test_bogus_key_returns_401" time="0.344" /><testcase classname="backend.tests.test_mcp_tokens.TestMcpBlogAuth" name="test_read_token_allows_get" time="1.263" /><testcase classname="backend.tests.test_mcp_tokens.TestMcpBlogAuth" name="test_read_token_forbidden_on_post" time="0.343" /><testcase classname="backend.tests.test_mcp_tokens.TestMcpBlogAuth" name="test_write_token_forbidden_on_get" time="0.439" /><testcase classname="backend.tests.test_mcp_tokens.TestRevokeReactivateDelete" name="test_revoke_read_token" time="1.198" /><testcase classname="backend.tests.test_mcp_tokens.TestRevokeReactivateDelete" name="test_reactivate_read_token" time="1.432" /><testcase classname="backend.tests.test_mcp_tokens.TestRevokeReactivateDelete" name="test_delete_write_token_removes_access" time="0.944" /><testcase classname="backend.tests.test_mcp_tokens.TestExpiry" name="test_expired_token_rejected" time="0.981" /><testcase classname="backend.tests.test_mcp_tokens" name="test_public_pages_200[/]" time="1.807" /><testcase classname="backend.tests.test_mcp_tokens" name="test_public_pages_200[/profil]" time="0.817" /><testcase classname="backend.tests.test_mcp_tokens" name="test_public_pages_200[/layanan]" time="1.157" /><testcase classname="backend.tests.test_mcp_tokens" name="test_public_pages_200[/portofolio]" time="1.189" /><testcase classname="backend.tests.test_mcp_tokens" name="test_public_pages_200[/kontak]" time="1.605" /><testcase classname="backend.tests.test_mcp_tokens" name="test_public_pages_200[/blog]" time="1.855" /></testsuite></testsuites>