<?xml version="1.0" encoding="utf-8"?><testsuites name="pytest tests"><testsuite name="pytest" errors="0" failures="0" skipped="0" tests="18" time="14.458" timestamp="2026-08-19T02:17:43.934194+00:00" hostname="agent-env-5089d6bc-2178-4860-a592-ec2144c68b09"><testcase classname="backend.tests.test_bsa_admin.TestAuthProtection" name="test_admin_me_without_cookie_returns_401" time="0.245" /><testcase classname="backend.tests.test_bsa_admin.TestAuthProtection" name="test_admin_settings_without_cookie_returns_401" time="0.147" /><testcase classname="backend.tests.test_bsa_admin.TestAuthProtection" name="test_admin_page_redirects_when_unauth" time="0.127" /><testcase classname="backend.tests.test_bsa_admin.TestAuthProtection" name="test_login_invalid_password_once" time="2.190" /><testcase classname="backend.tests.test_bsa_admin.TestAdminAPIs" name="test_me" time="1.242" /><testcase classname="backend.tests.test_bsa_admin.TestAdminAPIs" name="test_get_page_content_beranda" time="0.306" /><testcase classname="backend.tests.test_bsa_admin.TestAdminAPIs" name="test_chrome_get" time="0.317" /><testcase classname="backend.tests.test_bsa_admin.TestAdminAPIs" name="test_settings_get" time="0.307" /><testcase classname="backend.tests.test_bsa_admin.TestAdminAPIs" name="test_change_password_wrong_current" time="0.441" /><testcase classname="backend.tests.test_bsa_admin.TestPageEditPersistence" name="test_edit_hero_and_revert" time="2.632" /><testcase classname="backend.tests.test_bsa_admin" name="test_public_page_no_placeholder[/]" time="0.879" /><testcase classname="backend.tests.test_bsa_admin" name="test_public_page_no_placeholder[/profil]" time="0.828" /><testcase classname="backend.tests.test_bsa_admin" name="test_public_page_no_placeholder[/layanan]" time="0.965" /><testcase classname="backend.tests.test_bsa_admin" name="test_public_page_no_placeholder[/portofolio]" time="0.911" /><testcase classname="backend.tests.test_bsa_admin" name="test_public_page_no_placeholder[/kontak]" time="0.825" /><testcase classname="backend.tests.test_bsa_admin" name="test_public_page_no_placeholder[/blog]" time="0.589" /><testcase classname="backend.tests.test_bsa_admin" name="test_homepage_hero_highlight_terbaik" time="0.857" /><testcase classname="backend.tests.test_bsa_admin" name="test_contact_form_submit" time="0.589" /></testsuite></testsuites>