<?xml version="1.0" encoding="utf-8"?><testsuites name="pytest tests"><testsuite name="pytest" errors="0" failures="0" skipped="0" tests="23" time="26.026" timestamp="2026-08-19T06:07:16.237433+00:00" hostname="agent-env-5089d6bc-2178-4860-a592-ec2144c68b09"><testcase classname="backend.tests.security_fix_regression_test" name="test_admin_login_ok" time="2.012" /><testcase classname="backend.tests.security_fix_regression_test.TestMcpTokens" name="test_list_never_returns_raw_or_hash" time="0.289" /><testcase classname="backend.tests.security_fix_regression_test.TestMcpTokens" name="test_create_returns_raw_once" time="0.294" /><testcase classname="backend.tests.security_fix_regression_test.TestMcpTokens" name="test_raw_token_authenticates_mcp_api" time="1.226" /><testcase classname="backend.tests.security_fix_regression_test.TestMcpTokens" name="test_revoke_blocks_token" time="0.623" /><testcase classname="backend.tests.security_fix_regression_test.TestMcpTokens" name="test_reactivate" time="1.053" /><testcase classname="backend.tests.security_fix_regression_test.TestMcpTokens" name="test_delete_token_cleanup" time="0.290" /><testcase classname="backend.tests.security_fix_regression_test.TestMcpTokens" name="test_hermes_token_preserved" time="0.287" /><testcase classname="backend.tests.security_fix_regression_test.TestBlogRendering" name="test_existing_article_renders_headings_and_table" time="1.319" /><testcase classname="backend.tests.security_fix_regression_test.TestBlogRendering" name="test_link_renderer_not_crashed" time="1.125" /><testcase classname="backend.tests.security_fix_regression_test.TestBlogRendering" name="test_xss_in_body_is_sanitized" time="1.081" /><testcase classname="backend.tests.security_fix_regression_test.TestBlogRendering" name="test_xss_in_jsonld_via_excerpt" time="3.138" /><testcase classname="backend.tests.security_fix_regression_test.TestJsonLdXssFix" name="test_blog_slug_jsonld_escapes_and_parses" time="1.149" /><testcase classname="backend.tests.security_fix_regression_test.TestJsonLdXssFix" name="test_homepage_jsonld_valid" time="0.663" /><testcase classname="backend.tests.security_fix_regression_test.TestJsonLdXssFix" name="test_service_landing_jsonld_valid" time="0.610" /><testcase classname="backend.tests.security_fix_regression_test.TestJsonLdXssFix" name="test_portfolio_detail_jsonld_valid" time="1.185" /><testcase classname="backend.tests.security_fix_regression_test.TestJsonLdXssFix" name="test_layout_localbusiness_present" time="0.985" /><testcase classname="backend.tests.security_fix_regression_test.TestJsonLdXssFix" name="test_blog_keywords_array_safe" time="1.122" /><testcase classname="backend.tests.security_fix_regression_test.TestJsonLdXssFix" name="test_normal_article_still_ok" time="1.092" /><testcase classname="backend.tests.security_fix_regression_test.TestJsonLdXssFix" name="test_blog_listing_still_renders" time="2.545" /><testcase classname="backend.tests.security_fix_regression_test.TestMediaProxy" name="test_non_bsagrc_prefix_blocked" time="0.442" /><testcase classname="backend.tests.security_fix_regression_test.TestMediaProxy" name="test_bsagrc_prefix_still_serves" time="0.642" /><testcase classname="backend.tests.security_fix_regression_test" name="test_admin_upload_ok" time="2.791" /></testsuite></testsuites>