<?xml version="1.0" encoding="utf-8"?><testsuites name="pytest tests"><testsuite name="pytest" errors="0" failures="1" skipped="0" tests="15" time="16.727" timestamp="2026-08-19T06:00:39.561176+00:00" hostname="agent-env-5089d6bc-2178-4860-a592-ec2144c68b09"><testcase classname="backend.tests.security_fix_regression_test" name="test_admin_login_ok" time="2.320" /><testcase classname="backend.tests.security_fix_regression_test.TestMcpTokens" name="test_list_never_returns_raw_or_hash" time="0.310" /><testcase classname="backend.tests.security_fix_regression_test.TestMcpTokens" name="test_create_returns_raw_once" time="0.308" /><testcase classname="backend.tests.security_fix_regression_test.TestMcpTokens" name="test_raw_token_authenticates_mcp_api" time="1.192" /><testcase classname="backend.tests.security_fix_regression_test.TestMcpTokens" name="test_revoke_blocks_token" time="0.616" /><testcase classname="backend.tests.security_fix_regression_test.TestMcpTokens" name="test_reactivate" time="1.065" /><testcase classname="backend.tests.security_fix_regression_test.TestMcpTokens" name="test_delete_token_cleanup" time="0.291" /><testcase classname="backend.tests.security_fix_regression_test.TestMcpTokens" name="test_hermes_token_preserved" time="0.287" /><testcase classname="backend.tests.security_fix_regression_test.TestBlogRendering" name="test_existing_article_renders_headings_and_table" time="0.908" /><testcase classname="backend.tests.security_fix_regression_test.TestBlogRendering" name="test_link_renderer_not_crashed" time="1.091" /><testcase classname="backend.tests.security_fix_regression_test.TestBlogRendering" name="test_xss_in_body_is_sanitized" time="1.105" /><testcase classname="backend.tests.security_fix_regression_test.TestBlogRendering" name="test_xss_in_jsonld_via_excerpt" time="3.418"><failure message="AssertionError: STORED XSS: excerpt inlined into JSON-LD without escaping &lt;/script&gt;&#10;assert '&lt;/script&gt;&lt;i...=alert(777)&gt;' not in '&lt;!DOCTYPE h...body&gt;&lt;/html&gt;'&#10;  &#10;  '&lt;/script&gt;&lt;img src=x onerror=alert(777)&gt;' is contained here:&#10;    &lt;!DOCTYPE html&gt;&lt;html lang=&quot;id&quot; class=&quot;__variable_44151c __variable_a5b3fd __variable_74045a&quot;&gt;&lt;head&gt;&lt;meta charSet=&quot;utf-8&quot;/&gt;&lt;meta name=&quot;viewport&quot; content=&quot;width=device-width, initial-scale=1&quot;/&gt;&lt;link rel=&quot;preload&quot; as=&quot;image&quot; imageSrcSet=&quot;/_next/image?url=https%3A%2F%2Fbsagrc.co.id%2Fwp-content%2Fuploads%2F2023%2F10%2Flogo-BSA-GRC.png&amp;amp;w=16&amp;amp;q=75 16w, /_next/image?url=https%3A%2F%2Fbsagrc.co.id%2Fwp-content%2Fuploads%2F2023%2F10%2Flogo-BSA-GRC.png&amp;amp;w=32&amp;amp;q=75 32w, /_next/image?url=https%3A%2F%2Fbsagrc...&#10;  &#10;  ...Full output truncated (5 lines hidden), use '-vv' to show">backend/tests/security_fix_regression_test.py:181: in test_xss_in_jsonld_via_excerpt
    assert "&lt;/script&gt;&lt;img src=x onerror=alert(777)&gt;" not in page, \
E   AssertionError: STORED XSS: excerpt inlined into JSON-LD without escaping &lt;/script&gt;
E   assert '&lt;/script&gt;&lt;i...=alert(777)&gt;' not in '&lt;!DOCTYPE h...body&gt;&lt;/html&gt;'
E     
E     '&lt;/script&gt;&lt;img src=x onerror=alert(777)&gt;' is contained here:
E       &lt;!DOCTYPE html&gt;&lt;html lang="id" class="__variable_44151c __variable_a5b3fd __variable_74045a"&gt;&lt;head&gt;&lt;meta charSet="utf-8"/&gt;&lt;meta name="viewport" content="width=device-width, initial-scale=1"/&gt;&lt;link rel="preload" as="image" imageSrcSet="/_next/image?url=https%3A%2F%2Fbsagrc.co.id%2Fwp-content%2Fuploads%2F2023%2F10%2Flogo-BSA-GRC.png&amp;amp;w=16&amp;amp;q=75 16w, /_next/image?url=https%3A%2F%2Fbsagrc.co.id%2Fwp-content%2Fuploads%2F2023%2F10%2Flogo-BSA-GRC.png&amp;amp;w=32&amp;amp;q=75 32w, /_next/image?url=https%3A%2F%2Fbsagrc...
E     
E     ...Full output truncated (5 lines hidden), use '-vv' to show</failure></testcase><testcase classname="backend.tests.security_fix_regression_test.TestMediaProxy" name="test_non_bsagrc_prefix_blocked" time="0.409" /><testcase classname="backend.tests.security_fix_regression_test.TestMediaProxy" name="test_bsagrc_prefix_still_serves" time="0.649" /><testcase classname="backend.tests.security_fix_regression_test" name="test_admin_upload_ok" time="2.662" /></testsuite></testsuites>